make --dry-run --keep-going --print-directory
make: Entering directory `/Users/faksouss/Desktop/Push_Swap'
cc -g -Wall -Wextra -Werror -c src/take_stack.c -o obj/take_stack.o
cc -g -Wall -Wextra -Werror -c src/swap.c -o obj/swap.o
cc -g -Wall -Wextra -Werror -c src/push.c -o obj/push.o
cc -g -Wall -Wextra -Werror -c src/rotate.c -o obj/rotate.o
cc -g -Wall -Wextra -Werror -c src/reverse_rotate.c -o obj/reverse_rotate.o
cc -g -Wall -Wextra -Werror -c src/sort_small.c -o obj/sort_small.o
cc -g -Wall -Wextra -Werror -c src/sort.c -o obj/sort.o
cc -g -Wall -Wextra -Werror -c src/find_val.c -o obj/find_val.o
cc -g -Wall -Wextra -Werror -c src/find_idx.c -o obj/find_idx.o
cc -g -Wall -Wextra -Werror -c src/find_position.c -o obj/find_position.o
cc -g -Wall -Wextra -Werror -c src/stack_manupilation.c -o obj/stack_manupilation.o
cc -g -Wall -Wextra -Werror -c src/mark_by_val.c -o obj/mark_by_val.o
cc -g -Wall -Wextra -Werror -c src/mark_by_idx.c -o obj/mark_by_idx.o
cc -g -Wall -Wextra -Werror -c src/find_best_mark.c -o obj/find_best_mark.o
cc -g -Wall -Wextra -Werror -c src/main.c -o obj/main.o
make: Leaving directory `/Users/faksouss/Desktop/Push_Swap'
 
make: *** No rule to make target `obj/checks_par.o', needed by `push_swap'.
make: *** No rule to make target `obj/checks_sort.o', needed by `push_swap'.
make: *** No rule to make target `obj/checks_need_of_act.o', needed by `push_swap'.

